<?xml version="1.0" encoding="UTF-8"?>
<!-- Generated by org.testng.reporters.JUnitXMLReporter -->
<testsuite hostname="WKWIN5682847" name="Test" tests="3" failures="2" timestamp="7 Apr 2020 06:19:53 GMT" time="29.813" errors="0">
  <testcase name="initializeUsingClassObj" time="10.586" classname="tests.TestCases">
    <failure type="java.lang.NullPointerException">
      <![CDATA[java.lang.NullPointerException
	at org.openqa.selenium.support.pagefactory.DefaultElementLocator.findElement(DefaultElementLocator.java:69)
	at org.openqa.selenium.support.pagefactory.internal.LocatingElementHandler.invoke(LocatingElementHandler.java:38)
	at com.sun.proxy.$Proxy6.sendKeys(Unknown Source)
	at pages.RegisterPage3.inputUserName(RegisterPage3.java:21)
	at actions.RegisterActions3.registerWithValidData(RegisterActions3.java:28)
	at tests.TestCases.initializeUsingClassObj(TestCases.java:33)
... Removed 24 stack frames]]>
    </failure>
  </testcase> <!-- initializeUsingClassObj -->
  <testcase name="initializeUsingConstructor" time="8.559" classname="tests.TestCases">
    <failure type="java.lang.NullPointerException">
      <![CDATA[java.lang.NullPointerException
	at org.openqa.selenium.support.pagefactory.DefaultElementLocator.findElement(DefaultElementLocator.java:69)
	at org.openqa.selenium.support.pagefactory.internal.LocatingElementHandler.invoke(LocatingElementHandler.java:38)
	at com.sun.proxy.$Proxy6.sendKeys(Unknown Source)
	at pages.RegisterPage.inputUserName(RegisterPage.java:27)
	at actions.RegisterActions.registerWithValidData(RegisterActions.java:28)
	at tests.TestCases.initializeUsingConstructor(TestCases.java:21)
... Removed 24 stack frames]]>
    </failure>
  </testcase> <!-- initializeUsingConstructor -->
  <testcase name="initializeWhenRequired" time="10.603" classname="tests.TestCases"/>
</testsuite> <!-- Test -->
