<?xml version="1.0" encoding="UTF-8"?>
<testng-results skipped="0" failed="0" total="1" passed="1">
  <reporter-output>
  </reporter-output>
  <suite name="Default suite" duration-ms="990" started-at="2020-04-10T09:57:42Z" finished-at="2020-04-10T09:57:43Z">
    <groups>
    </groups>
    <test name="Default test" duration-ms="990" started-at="2020-04-10T09:57:42Z" finished-at="2020-04-10T09:57:43Z">
      <class name="tests.TestCases">
        <test-method status="PASS" signature="methodChainingNegativeCase()[pri:0, instance:tests.TestCases@32115b28]" name="methodChainingNegativeCase" duration-ms="921" started-at="2020-04-10T15:27:42Z" finished-at="2020-04-10T15:27:43Z">
          <reporter-output>
          </reporter-output>
        </test-method> <!-- methodChainingNegativeCase -->
      </class> <!-- tests.TestCases -->
    </test> <!-- Default test -->
  </suite> <!-- Default suite -->
</testng-results>
